2020-12-22 20:30:39,768 [Worker-0: Loading available Gradle versions] INFO  o.e.b.c.i.u.g.PublishedGradleVersions - Gradle version information cache is up-to-date. Trying to read.
2020-12-22 20:31:36,374 [Worker-14: Building] INFO  o.e.m.c.i.l.LifecycleMappingFactory - Using org.eclipse.m2e.jdt.JarLifecycleMapping lifecycle mapping for MavenProject: com.bank:Bank:0.0.1-SNAPSHOT @ D:\PROJECT\OPEN_BANK\BACK_REST\demo\pom.xml.
2020-12-22 20:31:37,983 [Worker-14: Building] INFO  o.e.m.c.i.embedder.EclipseLogger - Using 'UTF-8' encoding to copy filtered resources.
2020-12-22 20:31:37,986 [Worker-14: Building] INFO  o.e.m.c.i.embedder.EclipseLogger - Copying 1 resource
2020-12-22 20:31:37,998 [Worker-14: Building] INFO  o.e.m.c.i.embedder.EclipseLogger - Copying 2 resources
2020-12-22 20:31:38,007 [Worker-14: Building] INFO  o.e.m.c.i.embedder.EclipseLogger - Using 'UTF-8' encoding to copy filtered resources.
2020-12-22 20:31:38,008 [Worker-14: Building] INFO  o.e.m.c.i.embedder.EclipseLogger - skip non existing resourceDirectory D:\PROJECT\OPEN_BANK\BACK_REST\demo\src\test\resources
2020-12-22 20:31:39,182 [Worker-16: Updating Maven Dependencies] INFO  o.e.m.c.i.l.LifecycleMappingFactory - Using org.eclipse.m2e.jdt.JarLifecycleMapping lifecycle mapping for MavenProject: com.bank:Bank:0.0.1-SNAPSHOT @ D:\PROJECT\OPEN_BANK\BACK_REST\demo\pom.xml.
2020-12-22 20:31:41,415 [Worker-12: Building] INFO  o.e.m.c.i.embedder.EclipseLogger - Using 'UTF-8' encoding to copy filtered resources.
2020-12-22 20:31:41,418 [Worker-12: Building] INFO  o.e.m.c.i.embedder.EclipseLogger - Copying 1 resource
2020-12-22 20:31:41,428 [Worker-12: Building] INFO  o.e.m.c.i.embedder.EclipseLogger - Copying 2 resources
2020-12-22 20:31:41,450 [Worker-12: Building] INFO  o.e.m.c.i.embedder.EclipseLogger - Using 'UTF-8' encoding to copy filtered resources.
2020-12-22 20:31:41,450 [Worker-12: Building] INFO  o.e.m.c.i.embedder.EclipseLogger - skip non existing resourceDirectory D:\PROJECT\OPEN_BANK\BACK_REST\demo\src\test\resources
2020-12-22 20:32:35,442 [Worker-10: Building] INFO  o.e.m.c.i.embedder.EclipseLogger - Using 'UTF-8' encoding to copy filtered resources.
2020-12-22 20:32:35,442 [Worker-10: Building] INFO  o.e.m.c.i.embedder.EclipseLogger - Copying 1 resource
2020-12-22 20:32:35,444 [Worker-10: Building] INFO  o.e.m.c.i.embedder.EclipseLogger - Copying 2 resources
2020-12-22 20:32:35,451 [Worker-10: Building] INFO  o.e.m.c.i.embedder.EclipseLogger - Using 'UTF-8' encoding to copy filtered resources.
2020-12-22 20:32:35,451 [Worker-10: Building] INFO  o.e.m.c.i.embedder.EclipseLogger - skip non existing resourceDirectory D:\PROJECT\OPEN_BANK\BACK_REST\demo\src\test\resources
2020-12-22 20:33:29,566 [Worker-4: Building] INFO  o.e.m.c.i.embedder.EclipseLogger - Using 'UTF-8' encoding to copy filtered resources.
2020-12-22 20:33:29,567 [Worker-4: Building] INFO  o.e.m.c.i.embedder.EclipseLogger - Copying 1 resource
2020-12-22 20:33:29,568 [Worker-4: Building] INFO  o.e.m.c.i.embedder.EclipseLogger - Copying 2 resources
2020-12-22 20:33:29,570 [Worker-4: Building] INFO  o.e.m.c.i.embedder.EclipseLogger - Using 'UTF-8' encoding to copy filtered resources.
2020-12-22 20:33:29,571 [Worker-4: Building] INFO  o.e.m.c.i.embedder.EclipseLogger - skip non existing resourceDirectory D:\PROJECT\OPEN_BANK\BACK_REST\demo\src\test\resources
2020-12-22 20:38:51,266 [Worker-23: Building] INFO  o.e.m.c.i.embedder.EclipseLogger - Using 'UTF-8' encoding to copy filtered resources.
2020-12-22 20:38:51,267 [Worker-23: Building] INFO  o.e.m.c.i.embedder.EclipseLogger - Copying 1 resource
2020-12-22 20:38:51,269 [Worker-23: Building] INFO  o.e.m.c.i.embedder.EclipseLogger - Copying 2 resources
2020-12-22 20:38:51,270 [Worker-23: Building] INFO  o.e.m.c.i.embedder.EclipseLogger - Using 'UTF-8' encoding to copy filtered resources.
2020-12-22 20:38:51,271 [Worker-23: Building] INFO  o.e.m.c.i.embedder.EclipseLogger - skip non existing resourceDirectory D:\PROJECT\OPEN_BANK\BACK_REST\demo\src\test\resources
2020-12-22 20:48:17,692 [Worker-5: Launching Executing generate-sources in D__PROJECT_OPEN_BANK_BACK_REST_demo] INFO  o.e.m.i.launch.MavenLaunchDelegate - D:\PROJECT\OPEN_BANK\BACK_REST\demo
2020-12-22 20:48:17,693 [Worker-5: Launching Executing generate-sources in D__PROJECT_OPEN_BANK_BACK_REST_demo] INFO  o.e.m.i.launch.MavenLaunchDelegate -  mvn -Ppom.xml -B generate-sources
2020-12-22 20:48:29,113 [Worker-21: Launching Executing clean in D__PROJECT_OPEN_BANK_BACK_REST_demo] INFO  o.e.m.i.launch.MavenLaunchDelegate - D:\PROJECT\OPEN_BANK\BACK_REST\demo
2020-12-22 20:48:29,113 [Worker-21: Launching Executing clean in D__PROJECT_OPEN_BANK_BACK_REST_demo] INFO  o.e.m.i.launch.MavenLaunchDelegate -  mvn -Ppom.xml -B clean
2020-12-22 20:48:32,645 [Worker-27: Building] INFO  o.e.m.c.i.embedder.EclipseLogger - Using 'UTF-8' encoding to copy filtered resources.
2020-12-22 20:48:32,646 [Worker-27: Building] INFO  o.e.m.c.i.embedder.EclipseLogger - Copying 1 resource
2020-12-22 20:48:32,648 [Worker-27: Building] INFO  o.e.m.c.i.embedder.EclipseLogger - Copying 2 resources
2020-12-22 20:48:32,654 [Worker-27: Building] INFO  o.e.m.c.i.embedder.EclipseLogger - Using 'UTF-8' encoding to copy filtered resources.
2020-12-22 20:48:32,654 [Worker-27: Building] INFO  o.e.m.c.i.embedder.EclipseLogger - skip non existing resourceDirectory D:\PROJECT\OPEN_BANK\BACK_REST\demo\src\test\resources
2020-12-22 20:48:41,940 [Worker-21: Launching Executing install in D__PROJECT_OPEN_BANK_BACK_REST_demo] INFO  o.e.m.i.launch.MavenLaunchDelegate - D:\PROJECT\OPEN_BANK\BACK_REST\demo
2020-12-22 20:48:41,941 [Worker-21: Launching Executing install in D__PROJECT_OPEN_BANK_BACK_REST_demo] INFO  o.e.m.i.launch.MavenLaunchDelegate -  mvn -Ppom.xml -B install
2020-12-22 20:49:12,331 [Worker-21: Building] INFO  o.e.m.c.i.embedder.EclipseLogger - Using 'UTF-8' encoding to copy filtered resources.
2020-12-22 20:49:12,332 [Worker-21: Building] INFO  o.e.m.c.i.embedder.EclipseLogger - Copying 1 resource
2020-12-22 20:49:12,333 [Worker-21: Building] INFO  o.e.m.c.i.embedder.EclipseLogger - Copying 2 resources
2020-12-22 20:49:12,335 [Worker-21: Building] INFO  o.e.m.c.i.embedder.EclipseLogger - Using 'UTF-8' encoding to copy filtered resources.
2020-12-22 20:49:12,335 [Worker-21: Building] INFO  o.e.m.c.i.embedder.EclipseLogger - skip non existing resourceDirectory D:\PROJECT\OPEN_BANK\BACK_REST\demo\src\test\resources
2020-12-22 20:51:59,953 [Worker-32: Building] INFO  o.e.m.c.i.embedder.EclipseLogger - Using 'UTF-8' encoding to copy filtered resources.
2020-12-22 20:51:59,954 [Worker-32: Building] INFO  o.e.m.c.i.embedder.EclipseLogger - Copying 1 resource
2020-12-22 20:51:59,955 [Worker-32: Building] INFO  o.e.m.c.i.embedder.EclipseLogger - Copying 2 resources
2020-12-22 20:51:59,957 [Worker-32: Building] INFO  o.e.m.c.i.embedder.EclipseLogger - Using 'UTF-8' encoding to copy filtered resources.
2020-12-22 20:51:59,957 [Worker-32: Building] INFO  o.e.m.c.i.embedder.EclipseLogger - skip non existing resourceDirectory D:\PROJECT\OPEN_BANK\BACK_REST\demo\src\test\resources
2020-12-23 20:45:12,767 [Worker-3: Loading available Gradle versions] INFO  o.e.b.c.i.u.g.PublishedGradleVersions - Gradle version information cache is out-of-date. Trying to update.
2020-12-23 22:58:41,498 [Worker-46: Launching DemoApplication] INFO  o.e.m.c.i.embedder.EclipseLogger - Using 'UTF-8' encoding to copy filtered resources.
2020-12-23 22:58:41,504 [Worker-46: Launching DemoApplication] INFO  o.e.m.c.i.embedder.EclipseLogger - Copying 1 resource
2020-12-23 22:58:41,514 [Worker-46: Launching DemoApplication] INFO  o.e.m.c.i.embedder.EclipseLogger - Copying 2 resources
2020-12-23 22:58:41,521 [Worker-46: Launching DemoApplication] INFO  o.e.m.c.i.embedder.EclipseLogger - Using 'UTF-8' encoding to copy filtered resources.
2020-12-23 22:58:41,522 [Worker-46: Launching DemoApplication] INFO  o.e.m.c.i.embedder.EclipseLogger - skip non existing resourceDirectory D:\PROJECT\OPEN_BANK\BACK_REST\demo\src\test\resources
2020-12-30 12:21:54,268 [Worker-3: Loading available Gradle versions] INFO  o.e.b.c.i.u.g.PublishedGradleVersions - Gradle version information cache is out-of-date. Trying to update.
2020-12-30 12:22:42,809 [Worker-2: Loading available Gradle versions] INFO  o.e.b.c.i.u.g.PublishedGradleVersions - Gradle version information cache is up-to-date. Trying to read.
2020-12-30 12:23:45,591 [Worker-6: Launching DemoApplication] INFO  o.e.m.c.i.embedder.EclipseLogger - Using 'UTF-8' encoding to copy filtered resources.
2020-12-30 12:23:45,599 [Worker-6: Launching DemoApplication] INFO  o.e.m.c.i.embedder.EclipseLogger - Copying 1 resource
2020-12-30 12:23:45,609 [Worker-6: Launching DemoApplication] INFO  o.e.m.c.i.embedder.EclipseLogger - Copying 2 resources
2020-12-30 12:23:45,619 [Worker-6: Launching DemoApplication] INFO  o.e.m.c.i.embedder.EclipseLogger - Using 'UTF-8' encoding to copy filtered resources.
2020-12-30 12:23:45,619 [Worker-6: Launching DemoApplication] INFO  o.e.m.c.i.embedder.EclipseLogger - skip non existing resourceDirectory D:\PROJECT\OPEN-BANKING\BACK_REST\demo\src\test\resources
2020-12-31 06:07:34,826 [main] INFO  o.e.m2e.actions.ExecutePomAction - Creating new launch configuration
2020-12-31 06:07:48,645 [Worker-271: Launching demo] INFO  o.e.m.i.launch.MavenLaunchDelegate - D:\PROJECT\OPEN-BANKING\BACK_REST\demo
2020-12-31 06:07:48,650 [Worker-271: Launching demo] INFO  o.e.m.i.launch.MavenLaunchDelegate -  mvn -Ppom.xml -B package
2020-12-31 06:18:40,599 [Worker-273: Building] INFO  o.e.m.c.i.embedder.EclipseLogger - Using 'UTF-8' encoding to copy filtered resources.
2020-12-31 06:18:40,604 [Worker-273: Building] INFO  o.e.m.c.i.embedder.EclipseLogger - Copying 1 resource
2020-12-31 06:18:40,607 [Worker-273: Building] INFO  o.e.m.c.i.embedder.EclipseLogger - Copying 2 resources
2020-12-31 06:18:40,618 [Worker-273: Building] INFO  o.e.m.c.i.embedder.EclipseLogger - Using 'UTF-8' encoding to copy filtered resources.
2020-12-31 06:18:40,619 [Worker-273: Building] INFO  o.e.m.c.i.embedder.EclipseLogger - skip non existing resourceDirectory D:\PROJECT\OPEN-BANKING\BACK_REST\demo\src\test\resources
2020-12-31 06:18:50,715 [main] INFO  o.e.m2e.actions.ExecutePomAction - Using existing launch configuration
2020-12-31 06:18:50,788 [Worker-271: Launching demo] INFO  o.e.m.i.launch.MavenLaunchDelegate - D:\PROJECT\OPEN-BANKING\BACK_REST\demo
2020-12-31 06:18:50,788 [Worker-271: Launching demo] INFO  o.e.m.i.launch.MavenLaunchDelegate -  mvn -Ppom.xml -B package
2020-12-31 06:19:03,865 [main] INFO  o.e.m2e.actions.ExecutePomAction - Creating new launch configuration
2020-12-31 06:19:12,166 [Worker-272: Launching demo (1)] INFO  o.e.m.i.launch.MavenLaunchDelegate - D:\PROJECT\OPEN-BANKING\BACK_REST\demo
2020-12-31 06:19:12,167 [Worker-272: Launching demo (1)] INFO  o.e.m.i.launch.MavenLaunchDelegate -  mvn -Ppom.xml -B package
2020-12-31 06:19:57,726 [main] INFO  o.e.m2e.actions.ExecutePomAction - Creating new launch configuration
2020-12-31 06:20:01,157 [Worker-274: Launching Executing clean in D__PROJECT_OPEN-BANKING_BACK_REST_demo] INFO  o.e.m.i.launch.MavenLaunchDelegate - D:\PROJECT\OPEN-BANKING\BACK_REST\demo
2020-12-31 06:20:01,158 [Worker-274: Launching Executing clean in D__PROJECT_OPEN-BANKING_BACK_REST_demo] INFO  o.e.m.i.launch.MavenLaunchDelegate -  mvn -Ppom.xml -B clean
2020-12-31 06:20:03,157 [Worker-271: Building] INFO  o.e.m.c.i.embedder.EclipseLogger - Using 'UTF-8' encoding to copy filtered resources.
2020-12-31 06:20:03,158 [Worker-271: Building] INFO  o.e.m.c.i.embedder.EclipseLogger - Copying 1 resource
2020-12-31 06:20:03,159 [Worker-271: Building] INFO  o.e.m.c.i.embedder.EclipseLogger - Copying 2 resources
2020-12-31 06:20:03,165 [Worker-271: Building] INFO  o.e.m.c.i.embedder.EclipseLogger - Using 'UTF-8' encoding to copy filtered resources.
2020-12-31 06:20:03,165 [Worker-271: Building] INFO  o.e.m.c.i.embedder.EclipseLogger - skip non existing resourceDirectory D:\PROJECT\OPEN-BANKING\BACK_REST\demo\src\test\resources
2020-12-31 06:20:09,750 [main] INFO  o.e.m2e.actions.ExecutePomAction - Creating new launch configuration
2020-12-31 06:20:22,285 [Worker-274: Launching demo (3)] INFO  o.e.m.i.launch.MavenLaunchDelegate - D:\PROJECT\OPEN-BANKING\BACK_REST\demo
2020-12-31 06:20:22,285 [Worker-274: Launching demo (3)] INFO  o.e.m.i.launch.MavenLaunchDelegate -  mvn -Ppom.xml -B package
2020-12-31 06:21:55,226 [Worker-273: Building] INFO  o.e.m.c.i.embedder.EclipseLogger - Using 'UTF-8' encoding to copy filtered resources.
2020-12-31 06:21:55,226 [Worker-273: Building] INFO  o.e.m.c.i.embedder.EclipseLogger - Copying 1 resource
2020-12-31 06:21:55,228 [Worker-273: Building] INFO  o.e.m.c.i.embedder.EclipseLogger - Copying 2 resources
2020-12-31 06:21:55,235 [Worker-273: Building] INFO  o.e.m.c.i.embedder.EclipseLogger - Using 'UTF-8' encoding to copy filtered resources.
2020-12-31 06:21:55,235 [Worker-273: Building] INFO  o.e.m.c.i.embedder.EclipseLogger - skip non existing resourceDirectory D:\PROJECT\OPEN-BANKING\BACK_REST\demo\src\test\resources
2020-12-31 06:22:02,078 [main] INFO  o.e.m2e.actions.ExecutePomAction - Creating new launch configuration
2020-12-31 06:22:04,914 [Worker-275: Launching demo (4)] INFO  o.e.m.i.launch.MavenLaunchDelegate - D:\PROJECT\OPEN-BANKING\BACK_REST\demo
2020-12-31 06:22:04,914 [Worker-275: Launching demo (4)] INFO  o.e.m.i.launch.MavenLaunchDelegate -  mvn -Ppom.xml -B pacjage
2020-12-31 06:22:35,718 [main] INFO  o.e.m2e.actions.ExecutePomAction - Creating new launch configuration
2020-12-31 06:22:38,473 [Worker-273: Launching demo (5)] INFO  o.e.m.i.launch.MavenLaunchDelegate - D:\PROJECT\OPEN-BANKING\BACK_REST\demo
2020-12-31 06:22:38,474 [Worker-273: Launching demo (5)] INFO  o.e.m.i.launch.MavenLaunchDelegate -  mvn -Ppom.xml -B package
2020-12-31 06:23:26,742 [Worker-271: Building] INFO  o.e.m.c.i.l.LifecycleMappingFactory - Using org.eclipse.m2e.jdt.JarLifecycleMapping lifecycle mapping for MavenProject: com.bank:Bank:0.0.1-SNAPSHOT @ D:\PROJECT\OPEN-BANKING\BACK_REST\demo\pom.xml.
2020-12-31 06:23:28,230 [Worker-271: Building] INFO  o.e.m.c.i.e.AbstractTransferListenerAdapter - Downloading https://repo.maven.apache.org/maven2/junit/junit/4.13.1/junit-4.13.1.pom
2020-12-31 06:23:28,509 [Worker-271: Building] INFO  o.e.m.c.i.e.AbstractTransferListenerAdapter - Downloaded https://repo.maven.apache.org/maven2/junit/junit/4.13.1/junit-4.13.1.pom
2020-12-31 06:23:28,636 [Worker-271: Building] INFO  o.e.m.c.i.e.AbstractTransferListenerAdapter - Downloading https://repo.maven.apache.org/maven2/org/hamcrest/hamcrest-core/2.2/hamcrest-core-2.2.pom
2020-12-31 06:23:28,763 [Worker-271: Building] INFO  o.e.m.c.i.e.AbstractTransferListenerAdapter - Downloaded https://repo.maven.apache.org/maven2/org/hamcrest/hamcrest-core/2.2/hamcrest-core-2.2.pom
2020-12-31 06:23:29,052 [AetherRepositoryConnector-repo.maven.apache.org-0-1] INFO  o.e.m.c.i.e.AbstractTransferListenerAdapter - Downloading https://repo.maven.apache.org/maven2/org/hamcrest/hamcrest-core/2.2/hamcrest-core-2.2.jar
2020-12-31 06:23:29,173 [AetherRepositoryConnector-repo.maven.apache.org-0-0] INFO  o.e.m.c.i.e.AbstractTransferListenerAdapter - Downloading https://repo.maven.apache.org/maven2/junit/junit/4.13.1/junit-4.13.1.jar
2020-12-31 06:23:29,448 [AetherRepositoryConnector-repo.maven.apache.org-0-1] INFO  o.e.m.c.i.e.AbstractTransferListenerAdapter - Downloaded https://repo.maven.apache.org/maven2/org/hamcrest/hamcrest-core/2.2/hamcrest-core-2.2.jar
2020-12-31 06:23:29,693 [AetherRepositoryConnector-repo.maven.apache.org-0-0] INFO  o.e.m.c.i.e.AbstractTransferListenerAdapter - Downloaded https://repo.maven.apache.org/maven2/junit/junit/4.13.1/junit-4.13.1.jar
2020-12-31 06:23:30,116 [Worker-271: Building] INFO  o.e.m.c.i.embedder.EclipseLogger - Using 'UTF-8' encoding to copy filtered resources.
2020-12-31 06:23:30,117 [Worker-271: Building] INFO  o.e.m.c.i.embedder.EclipseLogger - Copying 0 resource
2020-12-31 06:23:30,117 [Worker-271: Building] INFO  o.e.m.c.i.embedder.EclipseLogger - Copying 0 resource
2020-12-31 06:23:30,119 [Worker-271: Building] INFO  o.e.m.c.i.embedder.EclipseLogger - Using 'UTF-8' encoding to copy filtered resources.
2020-12-31 06:23:30,119 [Worker-271: Building] INFO  o.e.m.c.i.embedder.EclipseLogger - skip non existing resourceDirectory D:\PROJECT\OPEN-BANKING\BACK_REST\demo\src\test\resources
2020-12-31 06:23:31,934 [Worker-274: Building] INFO  o.e.m.c.i.embedder.EclipseLogger - Using 'UTF-8' encoding to copy filtered resources.
2020-12-31 06:23:31,934 [Worker-274: Building] INFO  o.e.m.c.i.embedder.EclipseLogger - Copying 1 resource
2020-12-31 06:23:31,936 [Worker-274: Building] INFO  o.e.m.c.i.embedder.EclipseLogger - Copying 2 resources
2020-12-31 06:23:31,947 [Worker-274: Building] INFO  o.e.m.c.i.embedder.EclipseLogger - Using 'UTF-8' encoding to copy filtered resources.
2020-12-31 06:23:31,947 [Worker-274: Building] INFO  o.e.m.c.i.embedder.EclipseLogger - skip non existing resourceDirectory D:\PROJECT\OPEN-BANKING\BACK_REST\demo\src\test\resources
2020-12-31 06:23:31,989 [Worker-272: Download sources and javadoc] INFO  o.e.m.c.i.e.AbstractTransferListenerAdapter - Downloading https://repo.maven.apache.org/maven2/junit/junit/4.13.1/junit-4.13.1-sources.jar
2020-12-31 06:23:32,416 [Worker-272: Download sources and javadoc] INFO  o.e.m.c.i.e.AbstractTransferListenerAdapter - Downloaded https://repo.maven.apache.org/maven2/junit/junit/4.13.1/junit-4.13.1-sources.jar
2020-12-31 06:23:32,454 [Worker-272: Download sources and javadoc] INFO  o.e.m.j.internal.DownloadSourcesJob - Downloaded sources for junit:junit:4.13.1
2020-12-31 06:23:33,001 [Worker-272: Download sources and javadoc] INFO  o.e.m.c.i.e.AbstractTransferListenerAdapter - Downloading https://repo.maven.apache.org/maven2/org/hamcrest/hamcrest-core/2.2/hamcrest-core-2.2-sources.jar
2020-12-31 06:23:33,292 [Worker-272: Download sources and javadoc] INFO  o.e.m.c.i.e.AbstractTransferListenerAdapter - Downloaded https://repo.maven.apache.org/maven2/org/hamcrest/hamcrest-core/2.2/hamcrest-core-2.2-sources.jar
2020-12-31 06:23:33,333 [Worker-272: Download sources and javadoc] INFO  o.e.m.j.internal.DownloadSourcesJob - Downloaded sources for org.hamcrest:hamcrest-core:2.2
2020-12-31 06:23:34,121 [Worker-273: Building] INFO  o.e.m.c.i.embedder.EclipseLogger - Using 'UTF-8' encoding to copy filtered resources.
2020-12-31 06:23:34,121 [Worker-273: Building] INFO  o.e.m.c.i.embedder.EclipseLogger - Copying 0 resource
2020-12-31 06:23:34,121 [Worker-273: Building] INFO  o.e.m.c.i.embedder.EclipseLogger - Copying 0 resource
2020-12-31 06:23:34,123 [Worker-273: Building] INFO  o.e.m.c.i.embedder.EclipseLogger - Using 'UTF-8' encoding to copy filtered resources.
2020-12-31 06:23:34,124 [Worker-273: Building] INFO  o.e.m.c.i.embedder.EclipseLogger - skip non existing resourceDirectory D:\PROJECT\OPEN-BANKING\BACK_REST\demo\src\test\resources
2020-12-31 06:23:36,512 [main] INFO  o.e.m2e.actions.ExecutePomAction - Creating new launch configuration
2020-12-31 06:23:39,697 [Worker-272: Launching demo (6)] INFO  o.e.m.i.launch.MavenLaunchDelegate - D:\PROJECT\OPEN-BANKING\BACK_REST\demo
2020-12-31 06:23:39,697 [Worker-272: Launching demo (6)] INFO  o.e.m.i.launch.MavenLaunchDelegate -  mvn -Ppom.xml -B package
2020-12-31 06:23:48,752 [Worker-272: Building] INFO  o.e.m.c.i.l.LifecycleMappingFactory - Using org.eclipse.m2e.jdt.JarLifecycleMapping lifecycle mapping for MavenProject: com.bank:Bank:0.0.1-SNAPSHOT @ D:\PROJECT\OPEN-BANKING\BACK_REST\demo\pom.xml.
2020-12-31 06:23:49,824 [Worker-272: Building] INFO  o.e.m.c.i.embedder.EclipseLogger - Using 'UTF-8' encoding to copy filtered resources.
2020-12-31 06:23:49,826 [Worker-272: Building] INFO  o.e.m.c.i.embedder.EclipseLogger - Copying 0 resource
2020-12-31 06:23:49,826 [Worker-272: Building] INFO  o.e.m.c.i.embedder.EclipseLogger - Copying 0 resource
2020-12-31 06:23:49,829 [Worker-272: Building] INFO  o.e.m.c.i.embedder.EclipseLogger - Using 'UTF-8' encoding to copy filtered resources.
2020-12-31 06:23:49,829 [Worker-272: Building] INFO  o.e.m.c.i.embedder.EclipseLogger - skip non existing resourceDirectory D:\PROJECT\OPEN-BANKING\BACK_REST\demo\src\test\resources
2020-12-31 06:23:52,318 [Worker-271: Building] INFO  o.e.m.c.i.embedder.EclipseLogger - Using 'UTF-8' encoding to copy filtered resources.
2020-12-31 06:23:52,319 [Worker-271: Building] INFO  o.e.m.c.i.embedder.EclipseLogger - Copying 1 resource
2020-12-31 06:23:52,330 [Worker-271: Building] INFO  o.e.m.c.i.embedder.EclipseLogger - Copying 2 resources
2020-12-31 06:23:52,337 [Worker-271: Building] INFO  o.e.m.c.i.embedder.EclipseLogger - Using 'UTF-8' encoding to copy filtered resources.
2020-12-31 06:23:52,337 [Worker-271: Building] INFO  o.e.m.c.i.embedder.EclipseLogger - skip non existing resourceDirectory D:\PROJECT\OPEN-BANKING\BACK_REST\demo\src\test\resources
2020-12-31 06:26:30,097 [main] INFO  o.e.m2e.actions.ExecutePomAction - Creating new launch configuration
2020-12-31 06:26:32,644 [Worker-278: Launching demo (7)] INFO  o.e.m.i.launch.MavenLaunchDelegate - D:\PROJECT\OPEN-BANKING\BACK_REST\demo
2020-12-31 06:26:32,645 [Worker-278: Launching demo (7)] INFO  o.e.m.i.launch.MavenLaunchDelegate -  mvn -Ppom.xml -B package
2020-12-31 16:55:43,667 [Worker-410: Building] INFO  o.e.m.c.i.embedder.EclipseLogger - Using 'UTF-8' encoding to copy filtered resources.
2020-12-31 16:55:43,669 [Worker-410: Building] INFO  o.e.m.c.i.embedder.EclipseLogger - Copying 1 resource
2020-12-31 16:55:43,672 [Worker-410: Building] INFO  o.e.m.c.i.embedder.EclipseLogger - Copying 2 resources
2020-12-31 16:55:43,674 [Worker-410: Building] INFO  o.e.m.c.i.embedder.EclipseLogger - Using 'UTF-8' encoding to copy filtered resources.
2020-12-31 16:55:43,675 [Worker-410: Building] INFO  o.e.m.c.i.embedder.EclipseLogger - skip non existing resourceDirectory D:\PROJECT\OPEN-BANKING\BACK_REST\demo\src\test\resources
2020-12-31 16:56:25,935 [Worker-410: Building] INFO  o.e.m.c.i.embedder.EclipseLogger - Using 'UTF-8' encoding to copy filtered resources.
2020-12-31 16:56:25,936 [Worker-410: Building] INFO  o.e.m.c.i.embedder.EclipseLogger - Copying 1 resource
2020-12-31 16:56:25,938 [Worker-410: Building] INFO  o.e.m.c.i.embedder.EclipseLogger - Copying 2 resources
2020-12-31 16:56:25,940 [Worker-410: Building] INFO  o.e.m.c.i.embedder.EclipseLogger - Using 'UTF-8' encoding to copy filtered resources.
2020-12-31 16:56:25,941 [Worker-410: Building] INFO  o.e.m.c.i.embedder.EclipseLogger - skip non existing resourceDirectory D:\PROJECT\OPEN-BANKING\BACK_REST\demo\src\test\resources
2020-12-31 17:14:34,816 [Worker-296: Building] INFO  o.e.m.c.i.embedder.EclipseLogger - Using 'UTF-8' encoding to copy filtered resources.
2020-12-31 17:14:34,818 [Worker-296: Building] INFO  o.e.m.c.i.embedder.EclipseLogger - Copying 1 resource
2020-12-31 17:14:34,819 [Worker-296: Building] INFO  o.e.m.c.i.embedder.EclipseLogger - Copying 2 resources
2020-12-31 17:14:34,821 [Worker-296: Building] INFO  o.e.m.c.i.embedder.EclipseLogger - Using 'UTF-8' encoding to copy filtered resources.
2020-12-31 17:14:34,821 [Worker-296: Building] INFO  o.e.m.c.i.embedder.EclipseLogger - skip non existing resourceDirectory D:\PROJECT\OPEN-BANKING\BACK_REST\demo\src\test\resources
2020-12-31 17:20:38,166 [Worker-296: Building] INFO  o.e.m.c.i.embedder.EclipseLogger - Using 'UTF-8' encoding to copy filtered resources.
2020-12-31 17:20:38,168 [Worker-296: Building] INFO  o.e.m.c.i.embedder.EclipseLogger - Copying 1 resource
2020-12-31 17:20:38,170 [Worker-296: Building] INFO  o.e.m.c.i.embedder.EclipseLogger - Copying 2 resources
2020-12-31 17:20:38,172 [Worker-296: Building] INFO  o.e.m.c.i.embedder.EclipseLogger - Using 'UTF-8' encoding to copy filtered resources.
2020-12-31 17:20:38,172 [Worker-296: Building] INFO  o.e.m.c.i.embedder.EclipseLogger - skip non existing resourceDirectory D:\PROJECT\OPEN-BANKING\BACK_REST\demo\src\test\resources
2020-12-31 17:21:40,801 [Worker-429: Building] INFO  o.e.m.c.i.embedder.EclipseLogger - Using 'UTF-8' encoding to copy filtered resources.
2020-12-31 17:21:40,802 [Worker-429: Building] INFO  o.e.m.c.i.embedder.EclipseLogger - Copying 1 resource
2020-12-31 17:21:40,803 [Worker-429: Building] INFO  o.e.m.c.i.embedder.EclipseLogger - Copying 2 resources
2020-12-31 17:21:40,805 [Worker-429: Building] INFO  o.e.m.c.i.embedder.EclipseLogger - Using 'UTF-8' encoding to copy filtered resources.
2020-12-31 17:21:40,805 [Worker-429: Building] INFO  o.e.m.c.i.embedder.EclipseLogger - skip non existing resourceDirectory D:\PROJECT\OPEN-BANKING\BACK_REST\demo\src\test\resources
2020-12-31 17:21:54,222 [Worker-431: Building] INFO  o.e.m.c.i.embedder.EclipseLogger - Using 'UTF-8' encoding to copy filtered resources.
2020-12-31 17:21:54,223 [Worker-431: Building] INFO  o.e.m.c.i.embedder.EclipseLogger - Copying 1 resource
2020-12-31 17:21:54,225 [Worker-431: Building] INFO  o.e.m.c.i.embedder.EclipseLogger - Copying 2 resources
2020-12-31 17:21:54,226 [Worker-431: Building] INFO  o.e.m.c.i.embedder.EclipseLogger - Using 'UTF-8' encoding to copy filtered resources.
2020-12-31 17:21:54,226 [Worker-431: Building] INFO  o.e.m.c.i.embedder.EclipseLogger - skip non existing resourceDirectory D:\PROJECT\OPEN-BANKING\BACK_REST\demo\src\test\resources
2020-12-31 18:17:14,866 [Worker-449: Building] INFO  o.e.m.c.i.embedder.EclipseLogger - Using 'UTF-8' encoding to copy filtered resources.
2020-12-31 18:17:14,867 [Worker-449: Building] INFO  o.e.m.c.i.embedder.EclipseLogger - Copying 1 resource
2020-12-31 18:17:14,869 [Worker-449: Building] INFO  o.e.m.c.i.embedder.EclipseLogger - Copying 2 resources
2020-12-31 18:17:14,870 [Worker-449: Building] INFO  o.e.m.c.i.embedder.EclipseLogger - Using 'UTF-8' encoding to copy filtered resources.
2020-12-31 18:17:14,870 [Worker-449: Building] INFO  o.e.m.c.i.embedder.EclipseLogger - skip non existing resourceDirectory D:\PROJECT\OPEN-BANKING\BACK_REST\demo\src\test\resources
2020-12-31 18:19:16,269 [Worker-454: Building] INFO  o.e.m.c.i.embedder.EclipseLogger - Using 'UTF-8' encoding to copy filtered resources.
2020-12-31 18:19:16,270 [Worker-454: Building] INFO  o.e.m.c.i.embedder.EclipseLogger - Copying 1 resource
2020-12-31 18:19:16,272 [Worker-454: Building] INFO  o.e.m.c.i.embedder.EclipseLogger - Copying 2 resources
2020-12-31 18:19:16,273 [Worker-454: Building] INFO  o.e.m.c.i.embedder.EclipseLogger - Using 'UTF-8' encoding to copy filtered resources.
2020-12-31 18:19:16,273 [Worker-454: Building] INFO  o.e.m.c.i.embedder.EclipseLogger - skip non existing resourceDirectory D:\PROJECT\OPEN-BANKING\BACK_REST\demo\src\test\resources
2020-12-31 18:19:29,502 [Worker-451: Building] INFO  o.e.m.c.i.embedder.EclipseLogger - Using 'UTF-8' encoding to copy filtered resources.
2020-12-31 18:19:29,504 [Worker-451: Building] INFO  o.e.m.c.i.embedder.EclipseLogger - Copying 1 resource
2020-12-31 18:19:29,505 [Worker-451: Building] INFO  o.e.m.c.i.embedder.EclipseLogger - Copying 2 resources
2020-12-31 18:19:29,507 [Worker-451: Building] INFO  o.e.m.c.i.embedder.EclipseLogger - Using 'UTF-8' encoding to copy filtered resources.
2020-12-31 18:19:29,507 [Worker-451: Building] INFO  o.e.m.c.i.embedder.EclipseLogger - skip non existing resourceDirectory D:\PROJECT\OPEN-BANKING\BACK_REST\demo\src\test\resources
2020-12-31 18:24:59,422 [Worker-452: Building] INFO  o.e.m.c.i.embedder.EclipseLogger - Using 'UTF-8' encoding to copy filtered resources.
2020-12-31 18:24:59,423 [Worker-452: Building] INFO  o.e.m.c.i.embedder.EclipseLogger - Copying 1 resource
2020-12-31 18:24:59,424 [Worker-452: Building] INFO  o.e.m.c.i.embedder.EclipseLogger - Copying 2 resources
2020-12-31 18:24:59,425 [Worker-452: Building] INFO  o.e.m.c.i.embedder.EclipseLogger - Using 'UTF-8' encoding to copy filtered resources.
2020-12-31 18:24:59,425 [Worker-452: Building] INFO  o.e.m.c.i.embedder.EclipseLogger - skip non existing resourceDirectory D:\PROJECT\OPEN-BANKING\BACK_REST\demo\src\test\resources
2020-12-31 18:25:06,897 [Worker-449: Building] INFO  o.e.m.c.i.embedder.EclipseLogger - Using 'UTF-8' encoding to copy filtered resources.
2020-12-31 18:25:06,897 [Worker-449: Building] INFO  o.e.m.c.i.embedder.EclipseLogger - Copying 1 resource
2020-12-31 18:25:06,899 [Worker-449: Building] INFO  o.e.m.c.i.embedder.EclipseLogger - Copying 2 resources
2020-12-31 18:25:06,900 [Worker-449: Building] INFO  o.e.m.c.i.embedder.EclipseLogger - Using 'UTF-8' encoding to copy filtered resources.
2020-12-31 18:25:06,900 [Worker-449: Building] INFO  o.e.m.c.i.embedder.EclipseLogger - skip non existing resourceDirectory D:\PROJECT\OPEN-BANKING\BACK_REST\demo\src\test\resources
2020-12-31 18:26:47,495 [Worker-456: Building] INFO  o.e.m.c.i.embedder.EclipseLogger - Using 'UTF-8' encoding to copy filtered resources.
2020-12-31 18:26:47,496 [Worker-456: Building] INFO  o.e.m.c.i.embedder.EclipseLogger - Copying 1 resource
2020-12-31 18:26:47,498 [Worker-456: Building] INFO  o.e.m.c.i.embedder.EclipseLogger - Copying 2 resources
2020-12-31 18:26:47,500 [Worker-456: Building] INFO  o.e.m.c.i.embedder.EclipseLogger - Using 'UTF-8' encoding to copy filtered resources.
2020-12-31 18:26:47,500 [Worker-456: Building] INFO  o.e.m.c.i.embedder.EclipseLogger - skip non existing resourceDirectory D:\PROJECT\OPEN-BANKING\BACK_REST\demo\src\test\resources
2020-12-31 18:28:48,702 [Worker-449: Building] INFO  o.e.m.c.i.embedder.EclipseLogger - Using 'UTF-8' encoding to copy filtered resources.
2020-12-31 18:28:48,703 [Worker-449: Building] INFO  o.e.m.c.i.embedder.EclipseLogger - Copying 1 resource
2020-12-31 18:28:48,704 [Worker-449: Building] INFO  o.e.m.c.i.embedder.EclipseLogger - Copying 2 resources
2020-12-31 18:28:48,706 [Worker-449: Building] INFO  o.e.m.c.i.embedder.EclipseLogger - Using 'UTF-8' encoding to copy filtered resources.
2020-12-31 18:28:48,706 [Worker-449: Building] INFO  o.e.m.c.i.embedder.EclipseLogger - skip non existing resourceDirectory D:\PROJECT\OPEN-BANKING\BACK_REST\demo\src\test\resources
2020-12-31 18:29:07,614 [Worker-458: Building] INFO  o.e.m.c.i.embedder.EclipseLogger - Using 'UTF-8' encoding to copy filtered resources.
2020-12-31 18:29:07,615 [Worker-458: Building] INFO  o.e.m.c.i.embedder.EclipseLogger - Copying 1 resource
2020-12-31 18:29:07,616 [Worker-458: Building] INFO  o.e.m.c.i.embedder.EclipseLogger - Copying 2 resources
2020-12-31 18:29:07,620 [Worker-458: Building] INFO  o.e.m.c.i.embedder.EclipseLogger - Using 'UTF-8' encoding to copy filtered resources.
2020-12-31 18:29:07,620 [Worker-458: Building] INFO  o.e.m.c.i.embedder.EclipseLogger - skip non existing resourceDirectory D:\PROJECT\OPEN-BANKING\BACK_REST\demo\src\test\resources
2020-12-31 18:29:17,105 [Worker-459: Launching DemoApplication] INFO  o.e.m.c.i.embedder.EclipseLogger - Using 'UTF-8' encoding to copy filtered resources.
2020-12-31 18:29:17,106 [Worker-459: Launching DemoApplication] INFO  o.e.m.c.i.embedder.EclipseLogger - Copying 1 resource
2020-12-31 18:29:17,108 [Worker-459: Launching DemoApplication] INFO  o.e.m.c.i.embedder.EclipseLogger - Copying 2 resources
2020-12-31 18:29:17,109 [Worker-459: Launching DemoApplication] INFO  o.e.m.c.i.embedder.EclipseLogger - Using 'UTF-8' encoding to copy filtered resources.
2020-12-31 18:29:17,110 [Worker-459: Launching DemoApplication] INFO  o.e.m.c.i.embedder.EclipseLogger - skip non existing resourceDirectory D:\PROJECT\OPEN-BANKING\BACK_REST\demo\src\test\resources
2020-12-31 18:32:07,332 [Worker-456: Building] INFO  o.e.m.c.i.embedder.EclipseLogger - Using 'UTF-8' encoding to copy filtered resources.
2020-12-31 18:32:07,333 [Worker-456: Building] INFO  o.e.m.c.i.embedder.EclipseLogger - Copying 1 resource
2020-12-31 18:32:07,335 [Worker-456: Building] INFO  o.e.m.c.i.embedder.EclipseLogger - Copying 2 resources
2020-12-31 18:32:07,337 [Worker-456: Building] INFO  o.e.m.c.i.embedder.EclipseLogger - Using 'UTF-8' encoding to copy filtered resources.
2020-12-31 18:32:07,337 [Worker-456: Building] INFO  o.e.m.c.i.embedder.EclipseLogger - skip non existing resourceDirectory D:\PROJECT\OPEN-BANKING\BACK_REST\demo\src\test\resources
2020-12-31 18:41:38,587 [Worker-449: Building] INFO  o.e.m.c.i.embedder.EclipseLogger - Using 'UTF-8' encoding to copy filtered resources.
2020-12-31 18:41:38,588 [Worker-449: Building] INFO  o.e.m.c.i.embedder.EclipseLogger - Copying 1 resource
2020-12-31 18:41:38,590 [Worker-449: Building] INFO  o.e.m.c.i.embedder.EclipseLogger - Copying 2 resources
2020-12-31 18:41:38,592 [Worker-449: Building] INFO  o.e.m.c.i.embedder.EclipseLogger - Using 'UTF-8' encoding to copy filtered resources.
2020-12-31 18:41:38,592 [Worker-449: Building] INFO  o.e.m.c.i.embedder.EclipseLogger - skip non existing resourceDirectory D:\PROJECT\OPEN-BANKING\BACK_REST\demo\src\test\resources
2020-12-31 18:50:13,465 [Worker-467: Building] INFO  o.e.m.c.i.embedder.EclipseLogger - Using 'UTF-8' encoding to copy filtered resources.
2020-12-31 18:50:13,466 [Worker-467: Building] INFO  o.e.m.c.i.embedder.EclipseLogger - Copying 1 resource
2020-12-31 18:50:13,468 [Worker-467: Building] INFO  o.e.m.c.i.embedder.EclipseLogger - Copying 2 resources
2020-12-31 18:50:13,470 [Worker-467: Building] INFO  o.e.m.c.i.embedder.EclipseLogger - Using 'UTF-8' encoding to copy filtered resources.
2020-12-31 18:50:13,470 [Worker-467: Building] INFO  o.e.m.c.i.embedder.EclipseLogger - skip non existing resourceDirectory D:\PROJECT\OPEN-BANKING\BACK_REST\demo\src\test\resources
2020-12-31 18:51:18,579 [Worker-462: Building] INFO  o.e.m.c.i.embedder.EclipseLogger - Using 'UTF-8' encoding to copy filtered resources.
2020-12-31 18:51:18,580 [Worker-462: Building] INFO  o.e.m.c.i.embedder.EclipseLogger - Copying 1 resource
2020-12-31 18:51:18,581 [Worker-462: Building] INFO  o.e.m.c.i.embedder.EclipseLogger - Copying 2 resources
2020-12-31 18:51:18,582 [Worker-462: Building] INFO  o.e.m.c.i.embedder.EclipseLogger - Using 'UTF-8' encoding to copy filtered resources.
2020-12-31 18:51:18,582 [Worker-462: Building] INFO  o.e.m.c.i.embedder.EclipseLogger - skip non existing resourceDirectory D:\PROJECT\OPEN-BANKING\BACK_REST\demo\src\test\resources
2020-12-31 18:51:20,687 [Worker-467: Building] INFO  o.e.m.c.i.embedder.EclipseLogger - Using 'UTF-8' encoding to copy filtered resources.
2020-12-31 18:51:20,688 [Worker-467: Building] INFO  o.e.m.c.i.embedder.EclipseLogger - Copying 1 resource
2020-12-31 18:51:20,689 [Worker-467: Building] INFO  o.e.m.c.i.embedder.EclipseLogger - Copying 2 resources
2020-12-31 18:51:20,690 [Worker-467: Building] INFO  o.e.m.c.i.embedder.EclipseLogger - Using 'UTF-8' encoding to copy filtered resources.
2020-12-31 18:51:20,690 [Worker-467: Building] INFO  o.e.m.c.i.embedder.EclipseLogger - skip non existing resourceDirectory D:\PROJECT\OPEN-BANKING\BACK_REST\demo\src\test\resources
2020-12-31 18:57:36,261 [Worker-473: Building] INFO  o.e.m.c.i.embedder.EclipseLogger - Using 'UTF-8' encoding to copy filtered resources.
2020-12-31 18:57:36,262 [Worker-473: Building] INFO  o.e.m.c.i.embedder.EclipseLogger - Copying 1 resource
2020-12-31 18:57:36,263 [Worker-473: Building] INFO  o.e.m.c.i.embedder.EclipseLogger - Copying 2 resources
2020-12-31 18:57:36,265 [Worker-473: Building] INFO  o.e.m.c.i.embedder.EclipseLogger - Using 'UTF-8' encoding to copy filtered resources.
2020-12-31 18:57:36,265 [Worker-473: Building] INFO  o.e.m.c.i.embedder.EclipseLogger - skip non existing resourceDirectory D:\PROJECT\OPEN-BANKING\BACK_REST\demo\src\test\resources
2020-12-31 18:58:20,671 [Worker-468: Building] INFO  o.e.m.c.i.embedder.EclipseLogger - Using 'UTF-8' encoding to copy filtered resources.
2020-12-31 18:58:20,672 [Worker-468: Building] INFO  o.e.m.c.i.embedder.EclipseLogger - Copying 1 resource
2020-12-31 18:58:20,674 [Worker-468: Building] INFO  o.e.m.c.i.embedder.EclipseLogger - Copying 2 resources
2020-12-31 18:58:20,675 [Worker-468: Building] INFO  o.e.m.c.i.embedder.EclipseLogger - Using 'UTF-8' encoding to copy filtered resources.
2020-12-31 18:58:20,675 [Worker-468: Building] INFO  o.e.m.c.i.embedder.EclipseLogger - skip non existing resourceDirectory D:\PROJECT\OPEN-BANKING\BACK_REST\demo\src\test\resources
2020-12-31 18:58:44,175 [Worker-466: Building] INFO  o.e.m.c.i.embedder.EclipseLogger - Using 'UTF-8' encoding to copy filtered resources.
2020-12-31 18:58:44,176 [Worker-466: Building] INFO  o.e.m.c.i.embedder.EclipseLogger - Copying 1 resource
2020-12-31 18:58:44,177 [Worker-466: Building] INFO  o.e.m.c.i.embedder.EclipseLogger - Copying 2 resources
2020-12-31 18:58:44,179 [Worker-466: Building] INFO  o.e.m.c.i.embedder.EclipseLogger - Using 'UTF-8' encoding to copy filtered resources.
2020-12-31 18:58:44,179 [Worker-466: Building] INFO  o.e.m.c.i.embedder.EclipseLogger - skip non existing resourceDirectory D:\PROJECT\OPEN-BANKING\BACK_REST\demo\src\test\resources
2020-12-31 19:22:37,469 [Worker-482: Building] INFO  o.e.m.c.i.embedder.EclipseLogger - Using 'UTF-8' encoding to copy filtered resources.
2020-12-31 19:22:37,470 [Worker-482: Building] INFO  o.e.m.c.i.embedder.EclipseLogger - Copying 1 resource
2020-12-31 19:22:37,472 [Worker-482: Building] INFO  o.e.m.c.i.embedder.EclipseLogger - Copying 2 resources
2020-12-31 19:22:37,473 [Worker-482: Building] INFO  o.e.m.c.i.embedder.EclipseLogger - Using 'UTF-8' encoding to copy filtered resources.
2020-12-31 19:22:37,473 [Worker-482: Building] INFO  o.e.m.c.i.embedder.EclipseLogger - skip non existing resourceDirectory D:\PROJECT\OPEN-BANKING\BACK_REST\demo\src\test\resources
2021-01-01 07:31:04,174 [Worker-674: Building] INFO  o.e.m.c.i.embedder.EclipseLogger - Using 'UTF-8' encoding to copy filtered resources.
2021-01-01 07:31:04,176 [Worker-674: Building] INFO  o.e.m.c.i.embedder.EclipseLogger - Copying 1 resource
2021-01-01 07:31:04,178 [Worker-674: Building] INFO  o.e.m.c.i.embedder.EclipseLogger - Copying 2 resources
2021-01-01 07:31:04,179 [Worker-674: Building] INFO  o.e.m.c.i.embedder.EclipseLogger - Using 'UTF-8' encoding to copy filtered resources.
2021-01-01 07:31:04,180 [Worker-674: Building] INFO  o.e.m.c.i.embedder.EclipseLogger - skip non existing resourceDirectory D:\PROJECT\OPEN-BANKING\BACK_REST\demo\src\test\resources
2021-01-01 07:31:26,633 [Worker-677: Building] INFO  o.e.m.c.i.embedder.EclipseLogger - Using 'UTF-8' encoding to copy filtered resources.
2021-01-01 07:31:26,634 [Worker-677: Building] INFO  o.e.m.c.i.embedder.EclipseLogger - Copying 1 resource
2021-01-01 07:31:26,636 [Worker-677: Building] INFO  o.e.m.c.i.embedder.EclipseLogger - Copying 2 resources
2021-01-01 07:31:26,637 [Worker-677: Building] INFO  o.e.m.c.i.embedder.EclipseLogger - Using 'UTF-8' encoding to copy filtered resources.
2021-01-01 07:31:26,638 [Worker-677: Building] INFO  o.e.m.c.i.embedder.EclipseLogger - skip non existing resourceDirectory D:\PROJECT\OPEN-BANKING\BACK_REST\demo\src\test\resources
2021-01-01 07:34:12,539 [Worker-675: Building] INFO  o.e.m.c.i.embedder.EclipseLogger - Using 'UTF-8' encoding to copy filtered resources.
2021-01-01 07:34:12,540 [Worker-675: Building] INFO  o.e.m.c.i.embedder.EclipseLogger - Copying 1 resource
2021-01-01 07:34:12,541 [Worker-675: Building] INFO  o.e.m.c.i.embedder.EclipseLogger - Copying 2 resources
2021-01-01 07:34:12,543 [Worker-675: Building] INFO  o.e.m.c.i.embedder.EclipseLogger - Using 'UTF-8' encoding to copy filtered resources.
2021-01-01 07:34:12,543 [Worker-675: Building] INFO  o.e.m.c.i.embedder.EclipseLogger - skip non existing resourceDirectory D:\PROJECT\OPEN-BANKING\BACK_REST\demo\src\test\resources
2021-01-01 07:36:06,310 [Worker-664: Launching DemoApplication] INFO  o.e.m.c.i.embedder.EclipseLogger - Using 'UTF-8' encoding to copy filtered resources.
2021-01-01 07:36:06,311 [Worker-664: Launching DemoApplication] INFO  o.e.m.c.i.embedder.EclipseLogger - Copying 1 resource
2021-01-01 07:36:06,313 [Worker-664: Launching DemoApplication] INFO  o.e.m.c.i.embedder.EclipseLogger - Copying 2 resources
2021-01-01 07:36:06,314 [Worker-664: Launching DemoApplication] INFO  o.e.m.c.i.embedder.EclipseLogger - Using 'UTF-8' encoding to copy filtered resources.
2021-01-01 07:36:06,314 [Worker-664: Launching DemoApplication] INFO  o.e.m.c.i.embedder.EclipseLogger - skip non existing resourceDirectory D:\PROJECT\OPEN-BANKING\BACK_REST\demo\src\test\resources
2021-01-01 07:47:24,942 [Worker-680: Building] INFO  o.e.m.c.i.embedder.EclipseLogger - Using 'UTF-8' encoding to copy filtered resources.
2021-01-01 07:47:24,943 [Worker-680: Building] INFO  o.e.m.c.i.embedder.EclipseLogger - Copying 1 resource
2021-01-01 07:47:24,944 [Worker-680: Building] INFO  o.e.m.c.i.embedder.EclipseLogger - Copying 2 resources
2021-01-01 07:47:24,946 [Worker-680: Building] INFO  o.e.m.c.i.embedder.EclipseLogger - Using 'UTF-8' encoding to copy filtered resources.
2021-01-01 07:47:24,946 [Worker-680: Building] INFO  o.e.m.c.i.embedder.EclipseLogger - skip non existing resourceDirectory D:\PROJECT\OPEN-BANKING\BACK_REST\demo\src\test\resources
2021-01-01 07:57:53,949 [Worker-689: Building] INFO  o.e.m.c.i.embedder.EclipseLogger - Using 'UTF-8' encoding to copy filtered resources.
2021-01-01 07:57:53,950 [Worker-689: Building] INFO  o.e.m.c.i.embedder.EclipseLogger - Copying 1 resource
2021-01-01 07:57:53,951 [Worker-689: Building] INFO  o.e.m.c.i.embedder.EclipseLogger - Copying 2 resources
2021-01-01 07:57:53,952 [Worker-689: Building] INFO  o.e.m.c.i.embedder.EclipseLogger - Using 'UTF-8' encoding to copy filtered resources.
2021-01-01 07:57:53,952 [Worker-689: Building] INFO  o.e.m.c.i.embedder.EclipseLogger - skip non existing resourceDirectory D:\PROJECT\OPEN-BANKING\BACK_REST\demo\src\test\resources
2021-01-01 08:01:45,399 [Worker-689: Building] INFO  o.e.m.c.i.embedder.EclipseLogger - Using 'UTF-8' encoding to copy filtered resources.
2021-01-01 08:01:45,400 [Worker-689: Building] INFO  o.e.m.c.i.embedder.EclipseLogger - Copying 1 resource
2021-01-01 08:01:45,402 [Worker-689: Building] INFO  o.e.m.c.i.embedder.EclipseLogger - Copying 2 resources
2021-01-01 08:01:45,404 [Worker-689: Building] INFO  o.e.m.c.i.embedder.EclipseLogger - Using 'UTF-8' encoding to copy filtered resources.
2021-01-01 08:01:45,404 [Worker-689: Building] INFO  o.e.m.c.i.embedder.EclipseLogger - skip non existing resourceDirectory D:\PROJECT\OPEN-BANKING\BACK_REST\demo\src\test\resources
2021-01-01 08:02:42,418 [Worker-687: Building] INFO  o.e.m.c.i.embedder.EclipseLogger - Using 'UTF-8' encoding to copy filtered resources.
2021-01-01 08:02:42,419 [Worker-687: Building] INFO  o.e.m.c.i.embedder.EclipseLogger - Copying 1 resource
2021-01-01 08:02:42,420 [Worker-687: Building] INFO  o.e.m.c.i.embedder.EclipseLogger - Copying 2 resources
2021-01-01 08:02:42,422 [Worker-687: Building] INFO  o.e.m.c.i.embedder.EclipseLogger - Using 'UTF-8' encoding to copy filtered resources.
2021-01-01 08:02:42,423 [Worker-687: Building] INFO  o.e.m.c.i.embedder.EclipseLogger - skip non existing resourceDirectory D:\PROJECT\OPEN-BANKING\BACK_REST\demo\src\test\resources
2021-01-01 08:03:25,565 [Worker-687: Building] INFO  o.e.m.c.i.embedder.EclipseLogger - Using 'UTF-8' encoding to copy filtered resources.
2021-01-01 08:03:25,566 [Worker-687: Building] INFO  o.e.m.c.i.embedder.EclipseLogger - Copying 1 resource
2021-01-01 08:03:25,567 [Worker-687: Building] INFO  o.e.m.c.i.embedder.EclipseLogger - Copying 2 resources
2021-01-01 08:03:25,569 [Worker-687: Building] INFO  o.e.m.c.i.embedder.EclipseLogger - Using 'UTF-8' encoding to copy filtered resources.
2021-01-01 08:03:25,569 [Worker-687: Building] INFO  o.e.m.c.i.embedder.EclipseLogger - skip non existing resourceDirectory D:\PROJECT\OPEN-BANKING\BACK_REST\demo\src\test\resources
2021-01-01 08:04:22,131 [Worker-687: Building] INFO  o.e.m.c.i.embedder.EclipseLogger - Using 'UTF-8' encoding to copy filtered resources.
2021-01-01 08:04:22,132 [Worker-687: Building] INFO  o.e.m.c.i.embedder.EclipseLogger - Copying 1 resource
2021-01-01 08:04:22,133 [Worker-687: Building] INFO  o.e.m.c.i.embedder.EclipseLogger - Copying 2 resources
2021-01-01 08:04:22,135 [Worker-687: Building] INFO  o.e.m.c.i.embedder.EclipseLogger - Using 'UTF-8' encoding to copy filtered resources.
2021-01-01 08:04:22,135 [Worker-687: Building] INFO  o.e.m.c.i.embedder.EclipseLogger - skip non existing resourceDirectory D:\PROJECT\OPEN-BANKING\BACK_REST\demo\src\test\resources
2021-01-01 08:04:38,778 [Worker-685: Building] INFO  o.e.m.c.i.embedder.EclipseLogger - Using 'UTF-8' encoding to copy filtered resources.
2021-01-01 08:04:38,779 [Worker-685: Building] INFO  o.e.m.c.i.embedder.EclipseLogger - Copying 1 resource
2021-01-01 08:04:38,781 [Worker-685: Building] INFO  o.e.m.c.i.embedder.EclipseLogger - Copying 2 resources
2021-01-01 08:04:38,782 [Worker-685: Building] INFO  o.e.m.c.i.embedder.EclipseLogger - Using 'UTF-8' encoding to copy filtered resources.
2021-01-01 08:04:38,782 [Worker-685: Building] INFO  o.e.m.c.i.embedder.EclipseLogger - skip non existing resourceDirectory D:\PROJECT\OPEN-BANKING\BACK_REST\demo\src\test\resources
2021-01-01 08:04:58,619 [Worker-687: Building] INFO  o.e.m.c.i.embedder.EclipseLogger - Using 'UTF-8' encoding to copy filtered resources.
2021-01-01 08:04:58,620 [Worker-687: Building] INFO  o.e.m.c.i.embedder.EclipseLogger - Copying 1 resource
2021-01-01 08:04:58,621 [Worker-687: Building] INFO  o.e.m.c.i.embedder.EclipseLogger - Copying 2 resources
2021-01-01 08:04:58,623 [Worker-687: Building] INFO  o.e.m.c.i.embedder.EclipseLogger - Using 'UTF-8' encoding to copy filtered resources.
2021-01-01 08:04:58,623 [Worker-687: Building] INFO  o.e.m.c.i.embedder.EclipseLogger - skip non existing resourceDirectory D:\PROJECT\OPEN-BANKING\BACK_REST\demo\src\test\resources
2021-01-01 08:05:26,822 [Worker-685: Building] INFO  o.e.m.c.i.embedder.EclipseLogger - Using 'UTF-8' encoding to copy filtered resources.
2021-01-01 08:05:26,823 [Worker-685: Building] INFO  o.e.m.c.i.embedder.EclipseLogger - Copying 1 resource
2021-01-01 08:05:26,824 [Worker-685: Building] INFO  o.e.m.c.i.embedder.EclipseLogger - Copying 2 resources
2021-01-01 08:05:26,825 [Worker-685: Building] INFO  o.e.m.c.i.embedder.EclipseLogger - Using 'UTF-8' encoding to copy filtered resources.
2021-01-01 08:05:26,825 [Worker-685: Building] INFO  o.e.m.c.i.embedder.EclipseLogger - skip non existing resourceDirectory D:\PROJECT\OPEN-BANKING\BACK_REST\demo\src\test\resources
2021-01-01 08:05:37,132 [Worker-449: Launching DemoApplication] INFO  o.e.m.c.i.embedder.EclipseLogger - Using 'UTF-8' encoding to copy filtered resources.
2021-01-01 08:05:37,133 [Worker-449: Launching DemoApplication] INFO  o.e.m.c.i.embedder.EclipseLogger - Copying 1 resource
2021-01-01 08:05:37,135 [Worker-449: Launching DemoApplication] INFO  o.e.m.c.i.embedder.EclipseLogger - Copying 2 resources
2021-01-01 08:05:37,137 [Worker-449: Launching DemoApplication] INFO  o.e.m.c.i.embedder.EclipseLogger - Using 'UTF-8' encoding to copy filtered resources.
2021-01-01 08:05:37,137 [Worker-449: Launching DemoApplication] INFO  o.e.m.c.i.embedder.EclipseLogger - skip non existing resourceDirectory D:\PROJECT\OPEN-BANKING\BACK_REST\demo\src\test\resources
2021-01-01 08:07:22,326 [Worker-449: Building] INFO  o.e.m.c.i.embedder.EclipseLogger - Using 'UTF-8' encoding to copy filtered resources.
2021-01-01 08:07:22,327 [Worker-449: Building] INFO  o.e.m.c.i.embedder.EclipseLogger - Copying 1 resource
2021-01-01 08:07:22,328 [Worker-449: Building] INFO  o.e.m.c.i.embedder.EclipseLogger - Copying 2 resources
2021-01-01 08:07:22,330 [Worker-449: Building] INFO  o.e.m.c.i.embedder.EclipseLogger - Using 'UTF-8' encoding to copy filtered resources.
2021-01-01 08:07:22,330 [Worker-449: Building] INFO  o.e.m.c.i.embedder.EclipseLogger - skip non existing resourceDirectory D:\PROJECT\OPEN-BANKING\BACK_REST\demo\src\test\resources
2021-01-01 08:09:48,050 [Worker-691: Building] INFO  o.e.m.c.i.embedder.EclipseLogger - Using 'UTF-8' encoding to copy filtered resources.
2021-01-01 08:09:48,050 [Worker-691: Building] INFO  o.e.m.c.i.embedder.EclipseLogger - Copying 1 resource
2021-01-01 08:09:48,052 [Worker-691: Building] INFO  o.e.m.c.i.embedder.EclipseLogger - Copying 2 resources
2021-01-01 08:09:48,054 [Worker-691: Building] INFO  o.e.m.c.i.embedder.EclipseLogger - Using 'UTF-8' encoding to copy filtered resources.
2021-01-01 08:09:48,054 [Worker-691: Building] INFO  o.e.m.c.i.embedder.EclipseLogger - skip non existing resourceDirectory D:\PROJECT\OPEN-BANKING\BACK_REST\demo\src\test\resources
2021-01-01 08:17:35,692 [Worker-689: Building] INFO  o.e.m.c.i.embedder.EclipseLogger - Using 'UTF-8' encoding to copy filtered resources.
2021-01-01 08:17:35,693 [Worker-689: Building] INFO  o.e.m.c.i.embedder.EclipseLogger - Copying 1 resource
2021-01-01 08:17:35,694 [Worker-689: Building] INFO  o.e.m.c.i.embedder.EclipseLogger - Copying 2 resources
2021-01-01 08:17:35,696 [Worker-689: Building] INFO  o.e.m.c.i.embedder.EclipseLogger - Using 'UTF-8' encoding to copy filtered resources.
2021-01-01 08:17:35,696 [Worker-689: Building] INFO  o.e.m.c.i.embedder.EclipseLogger - skip non existing resourceDirectory D:\PROJECT\OPEN-BANKING\BACK_REST\demo\src\test\resources
2021-01-01 08:18:39,524 [Worker-689: Building] INFO  o.e.m.c.i.embedder.EclipseLogger - Using 'UTF-8' encoding to copy filtered resources.
2021-01-01 08:18:39,524 [Worker-689: Building] INFO  o.e.m.c.i.embedder.EclipseLogger - Copying 1 resource
2021-01-01 08:18:39,525 [Worker-689: Building] INFO  o.e.m.c.i.embedder.EclipseLogger - Copying 2 resources
2021-01-01 08:18:39,535 [Worker-689: Building] INFO  o.e.m.c.i.embedder.EclipseLogger - Using 'UTF-8' encoding to copy filtered resources.
2021-01-01 08:18:39,535 [Worker-689: Building] INFO  o.e.m.c.i.embedder.EclipseLogger - skip non existing resourceDirectory D:\PROJECT\OPEN-BANKING\BACK_REST\demo\src\test\resources
2021-01-01 08:18:49,019 [Worker-685: Launching Executing clean in D__PROJECT_OPEN-BANKING_BACK_REST_demo] INFO  o.e.m.i.launch.MavenLaunchDelegate - D:\PROJECT\OPEN-BANKING\BACK_REST\demo
2021-01-01 08:18:49,020 [Worker-685: Launching Executing clean in D__PROJECT_OPEN-BANKING_BACK_REST_demo] INFO  o.e.m.i.launch.MavenLaunchDelegate -  mvn -Ppom.xml -B clean
2021-01-01 08:18:52,087 [Worker-449: Building] INFO  o.e.m.c.i.embedder.EclipseLogger - Using 'UTF-8' encoding to copy filtered resources.
2021-01-01 08:18:52,088 [Worker-449: Building] INFO  o.e.m.c.i.embedder.EclipseLogger - Copying 1 resource
2021-01-01 08:18:52,089 [Worker-449: Building] INFO  o.e.m.c.i.embedder.EclipseLogger - Copying 2 resources
2021-01-01 08:18:52,094 [Worker-449: Building] INFO  o.e.m.c.i.embedder.EclipseLogger - Using 'UTF-8' encoding to copy filtered resources.
2021-01-01 08:18:52,094 [Worker-449: Building] INFO  o.e.m.c.i.embedder.EclipseLogger - skip non existing resourceDirectory D:\PROJECT\OPEN-BANKING\BACK_REST\demo\src\test\resources
2021-01-01 08:19:03,735 [Worker-690: Launching Executing install in D__PROJECT_OPEN-BANKING_BACK_REST_demo] INFO  o.e.m.i.launch.MavenLaunchDelegate - D:\PROJECT\OPEN-BANKING\BACK_REST\demo
2021-01-01 08:19:03,735 [Worker-690: Launching Executing install in D__PROJECT_OPEN-BANKING_BACK_REST_demo] INFO  o.e.m.i.launch.MavenLaunchDelegate -  mvn -Ppom.xml -B install
2021-01-01 08:19:06,874 [Worker-689: Building] INFO  o.e.m.c.i.embedder.EclipseLogger - Using 'UTF-8' encoding to copy filtered resources.
2021-01-01 08:19:06,875 [Worker-689: Building] INFO  o.e.m.c.i.embedder.EclipseLogger - Copying 1 resource
2021-01-01 08:19:06,876 [Worker-689: Building] INFO  o.e.m.c.i.embedder.EclipseLogger - Copying 2 resources
2021-01-01 08:19:06,877 [Worker-689: Building] INFO  o.e.m.c.i.embedder.EclipseLogger - Using 'UTF-8' encoding to copy filtered resources.
2021-01-01 08:19:06,877 [Worker-689: Building] INFO  o.e.m.c.i.embedder.EclipseLogger - skip non existing resourceDirectory D:\PROJECT\OPEN-BANKING\BACK_REST\demo\src\test\resources
2021-01-01 08:19:25,631 [Worker-689: Launching DemoApplication] INFO  o.e.m.c.i.embedder.EclipseLogger - Using 'UTF-8' encoding to copy filtered resources.
2021-01-01 08:19:25,632 [Worker-689: Launching DemoApplication] INFO  o.e.m.c.i.embedder.EclipseLogger - Copying 1 resource
2021-01-01 08:19:25,635 [Worker-689: Launching DemoApplication] INFO  o.e.m.c.i.embedder.EclipseLogger - Copying 2 resources
2021-01-01 08:19:25,637 [Worker-689: Launching DemoApplication] INFO  o.e.m.c.i.embedder.EclipseLogger - Using 'UTF-8' encoding to copy filtered resources.
2021-01-01 08:19:25,637 [Worker-689: Launching DemoApplication] INFO  o.e.m.c.i.embedder.EclipseLogger - skip non existing resourceDirectory D:\PROJECT\OPEN-BANKING\BACK_REST\demo\src\test\resources
2021-01-01 08:20:39,665 [Worker-687: Building] INFO  o.e.m.c.i.embedder.EclipseLogger - Using 'UTF-8' encoding to copy filtered resources.
2021-01-01 08:20:39,666 [Worker-687: Building] INFO  o.e.m.c.i.embedder.EclipseLogger - Copying 1 resource
2021-01-01 08:20:39,667 [Worker-687: Building] INFO  o.e.m.c.i.embedder.EclipseLogger - Copying 2 resources
2021-01-01 08:20:39,669 [Worker-687: Building] INFO  o.e.m.c.i.embedder.EclipseLogger - Using 'UTF-8' encoding to copy filtered resources.
2021-01-01 08:20:39,669 [Worker-687: Building] INFO  o.e.m.c.i.embedder.EclipseLogger - skip non existing resourceDirectory D:\PROJECT\OPEN-BANKING\BACK_REST\demo\src\test\resources
2021-01-01 08:21:07,366 [Worker-449: Building] INFO  o.e.m.c.i.embedder.EclipseLogger - Using 'UTF-8' encoding to copy filtered resources.
2021-01-01 08:21:07,367 [Worker-449: Building] INFO  o.e.m.c.i.embedder.EclipseLogger - Copying 1 resource
2021-01-01 08:21:07,369 [Worker-449: Building] INFO  o.e.m.c.i.embedder.EclipseLogger - Copying 2 resources
2021-01-01 08:21:07,370 [Worker-449: Building] INFO  o.e.m.c.i.embedder.EclipseLogger - Using 'UTF-8' encoding to copy filtered resources.
2021-01-01 08:21:07,370 [Worker-449: Building] INFO  o.e.m.c.i.embedder.EclipseLogger - skip non existing resourceDirectory D:\PROJECT\OPEN-BANKING\BACK_REST\demo\src\test\resources
2021-01-01 08:21:13,174 [Worker-680: Launching Executing clean in D__PROJECT_OPEN-BANKING_BACK_REST_demo] INFO  o.e.m.i.launch.MavenLaunchDelegate - D:\PROJECT\OPEN-BANKING\BACK_REST\demo
2021-01-01 08:21:13,174 [Worker-680: Launching Executing clean in D__PROJECT_OPEN-BANKING_BACK_REST_demo] INFO  o.e.m.i.launch.MavenLaunchDelegate -  mvn -Ppom.xml -B clean
2021-01-01 08:21:15,362 [Worker-449: Building] INFO  o.e.m.c.i.embedder.EclipseLogger - Using 'UTF-8' encoding to copy filtered resources.
2021-01-01 08:21:15,363 [Worker-449: Building] INFO  o.e.m.c.i.embedder.EclipseLogger - Copying 1 resource
2021-01-01 08:21:15,365 [Worker-449: Building] INFO  o.e.m.c.i.embedder.EclipseLogger - Copying 2 resources
2021-01-01 08:21:15,371 [Worker-449: Building] INFO  o.e.m.c.i.embedder.EclipseLogger - Using 'UTF-8' encoding to copy filtered resources.
2021-01-01 08:21:15,371 [Worker-449: Building] INFO  o.e.m.c.i.embedder.EclipseLogger - skip non existing resourceDirectory D:\PROJECT\OPEN-BANKING\BACK_REST\demo\src\test\resources
2021-01-01 08:21:21,523 [main] INFO  o.e.m2e.actions.ExecutePomAction - Creating new launch configuration
2021-01-01 08:21:26,363 [Worker-685: Launching demo (8)] INFO  o.e.m.i.launch.MavenLaunchDelegate - D:\PROJECT\OPEN-BANKING\BACK_REST\demo
2021-01-01 08:21:26,364 [Worker-685: Launching demo (8)] INFO  o.e.m.i.launch.MavenLaunchDelegate -  mvn -Ppom.xml -B package
2021-01-01 08:24:54,500 [Worker-687: Building] INFO  o.e.m.c.i.embedder.EclipseLogger - Using 'UTF-8' encoding to copy filtered resources.
2021-01-01 08:24:54,501 [Worker-687: Building] INFO  o.e.m.c.i.embedder.EclipseLogger - Copying 1 resource
2021-01-01 08:24:54,503 [Worker-687: Building] INFO  o.e.m.c.i.embedder.EclipseLogger - Copying 2 resources
2021-01-01 08:24:54,504 [Worker-687: Building] INFO  o.e.m.c.i.embedder.EclipseLogger - Using 'UTF-8' encoding to copy filtered resources.
2021-01-01 08:24:54,504 [Worker-687: Building] INFO  o.e.m.c.i.embedder.EclipseLogger - skip non existing resourceDirectory D:\PROJECT\OPEN-BANKING\BACK_REST\demo\src\test\resources
2021-01-01 08:25:00,574 [Worker-689: Building] INFO  o.e.m.c.i.embedder.EclipseLogger - Using 'UTF-8' encoding to copy filtered resources.
2021-01-01 08:25:00,575 [Worker-689: Building] INFO  o.e.m.c.i.embedder.EclipseLogger - Copying 1 resource
2021-01-01 08:25:00,576 [Worker-689: Building] INFO  o.e.m.c.i.embedder.EclipseLogger - Copying 2 resources
2021-01-01 08:25:00,580 [Worker-689: Building] INFO  o.e.m.c.i.embedder.EclipseLogger - Using 'UTF-8' encoding to copy filtered resources.
2021-01-01 08:25:00,580 [Worker-689: Building] INFO  o.e.m.c.i.embedder.EclipseLogger - skip non existing resourceDirectory D:\PROJECT\OPEN-BANKING\BACK_REST\demo\src\test\resources
2021-01-01 08:25:14,993 [Worker-689: Launching Executing install in D__PROJECT_OPEN-BANKING_BACK_REST_demo] INFO  o.e.m.i.launch.MavenLaunchDelegate - D:\PROJECT\OPEN-BANKING\BACK_REST\demo
2021-01-01 08:25:14,993 [Worker-689: Launching Executing install in D__PROJECT_OPEN-BANKING_BACK_REST_demo] INFO  o.e.m.i.launch.MavenLaunchDelegate -  mvn -Ppom.xml -B install
2021-01-01 08:25:17,996 [Worker-690: Building] INFO  o.e.m.c.i.embedder.EclipseLogger - Using 'UTF-8' encoding to copy filtered resources.
2021-01-01 08:25:17,997 [Worker-690: Building] INFO  o.e.m.c.i.embedder.EclipseLogger - Copying 1 resource
2021-01-01 08:25:17,998 [Worker-690: Building] INFO  o.e.m.c.i.embedder.EclipseLogger - Copying 2 resources
2021-01-01 08:25:17,999 [Worker-690: Building] INFO  o.e.m.c.i.embedder.EclipseLogger - Using 'UTF-8' encoding to copy filtered resources.
2021-01-01 08:25:17,999 [Worker-690: Building] INFO  o.e.m.c.i.embedder.EclipseLogger - skip non existing resourceDirectory D:\PROJECT\OPEN-BANKING\BACK_REST\demo\src\test\resources
2021-01-01 08:25:37,505 [Worker-694: Launching Executing clean in D__PROJECT_OPEN-BANKING_BACK_REST_demo] INFO  o.e.m.i.launch.MavenLaunchDelegate - D:\PROJECT\OPEN-BANKING\BACK_REST\demo
2021-01-01 08:25:37,505 [Worker-694: Launching Executing clean in D__PROJECT_OPEN-BANKING_BACK_REST_demo] INFO  o.e.m.i.launch.MavenLaunchDelegate -  mvn -Ppom.xml -B clean
2021-01-01 08:25:39,708 [Worker-687: Building] INFO  o.e.m.c.i.embedder.EclipseLogger - Using 'UTF-8' encoding to copy filtered resources.
2021-01-01 08:25:39,709 [Worker-687: Building] INFO  o.e.m.c.i.embedder.EclipseLogger - Copying 1 resource
2021-01-01 08:25:39,711 [Worker-687: Building] INFO  o.e.m.c.i.embedder.EclipseLogger - Copying 2 resources
2021-01-01 08:25:39,718 [Worker-687: Building] INFO  o.e.m.c.i.embedder.EclipseLogger - Using 'UTF-8' encoding to copy filtered resources.
2021-01-01 08:25:39,718 [Worker-687: Building] INFO  o.e.m.c.i.embedder.EclipseLogger - skip non existing resourceDirectory D:\PROJECT\OPEN-BANKING\BACK_REST\demo\src\test\resources
2021-01-01 08:25:58,775 [Worker-687: Launching Executing install in D__PROJECT_OPEN-BANKING_BACK_REST_demo] INFO  o.e.m.i.launch.MavenLaunchDelegate - D:\PROJECT\OPEN-BANKING\BACK_REST\demo
2021-01-01 08:25:58,775 [Worker-687: Launching Executing install in D__PROJECT_OPEN-BANKING_BACK_REST_demo] INFO  o.e.m.i.launch.MavenLaunchDelegate -  mvn -Ppom.xml -B install
2021-01-01 08:26:01,868 [Worker-689: Building] INFO  o.e.m.c.i.embedder.EclipseLogger - Using 'UTF-8' encoding to copy filtered resources.
2021-01-01 08:26:01,869 [Worker-689: Building] INFO  o.e.m.c.i.embedder.EclipseLogger - Copying 1 resource
2021-01-01 08:26:01,871 [Worker-689: Building] INFO  o.e.m.c.i.embedder.EclipseLogger - Copying 2 resources
2021-01-01 08:26:01,872 [Worker-689: Building] INFO  o.e.m.c.i.embedder.EclipseLogger - Using 'UTF-8' encoding to copy filtered resources.
2021-01-01 08:26:01,872 [Worker-689: Building] INFO  o.e.m.c.i.embedder.EclipseLogger - skip non existing resourceDirectory D:\PROJECT\OPEN-BANKING\BACK_REST\demo\src\test\resources
2021-01-01 08:28:13,630 [Worker-694: Building] INFO  o.e.m.c.i.embedder.EclipseLogger - Using 'UTF-8' encoding to copy filtered resources.
2021-01-01 08:28:13,630 [Worker-694: Building] INFO  o.e.m.c.i.embedder.EclipseLogger - Copying 0 resource
2021-01-01 08:28:13,630 [Worker-694: Building] INFO  o.e.m.c.i.embedder.EclipseLogger - Copying 0 resource
2021-01-01 08:28:13,630 [Worker-694: Building] INFO  o.e.m.c.i.embedder.EclipseLogger - Using 'UTF-8' encoding to copy filtered resources.
2021-01-01 08:28:13,630 [Worker-694: Building] INFO  o.e.m.c.i.embedder.EclipseLogger - skip non existing resourceDirectory D:\PROJECT\OPEN-BANKING\BACK_REST\demo\src\test\resources
2021-01-01 08:28:24,279 [Worker-689: Launching Executing clean in D__PROJECT_OPEN-BANKING_BACK_REST_demo] INFO  o.e.m.i.launch.MavenLaunchDelegate - D:\PROJECT\OPEN-BANKING\BACK_REST\demo
2021-01-01 08:28:24,279 [Worker-689: Launching Executing clean in D__PROJECT_OPEN-BANKING_BACK_REST_demo] INFO  o.e.m.i.launch.MavenLaunchDelegate -  mvn -Ppom.xml -B clean
2021-01-01 08:28:26,255 [Worker-694: Building] INFO  o.e.m.c.i.embedder.EclipseLogger - Using 'UTF-8' encoding to copy filtered resources.
2021-01-01 08:28:26,256 [Worker-694: Building] INFO  o.e.m.c.i.embedder.EclipseLogger - Copying 1 resource
2021-01-01 08:28:26,257 [Worker-694: Building] INFO  o.e.m.c.i.embedder.EclipseLogger - Copying 2 resources
2021-01-01 08:28:26,262 [Worker-694: Building] INFO  o.e.m.c.i.embedder.EclipseLogger - Using 'UTF-8' encoding to copy filtered resources.
2021-01-01 08:28:26,262 [Worker-694: Building] INFO  o.e.m.c.i.embedder.EclipseLogger - skip non existing resourceDirectory D:\PROJECT\OPEN-BANKING\BACK_REST\demo\src\test\resources
2021-01-01 08:28:29,049 [Worker-687: Launching Executing install in D__PROJECT_OPEN-BANKING_BACK_REST_demo] INFO  o.e.m.i.launch.MavenLaunchDelegate - D:\PROJECT\OPEN-BANKING\BACK_REST\demo
2021-01-01 08:28:29,049 [Worker-687: Launching Executing install in D__PROJECT_OPEN-BANKING_BACK_REST_demo] INFO  o.e.m.i.launch.MavenLaunchDelegate -  mvn -Ppom.xml -B install
2021-01-01 08:28:31,808 [Worker-689: Building] INFO  o.e.m.c.i.embedder.EclipseLogger - Using 'UTF-8' encoding to copy filtered resources.
2021-01-01 08:28:31,809 [Worker-689: Building] INFO  o.e.m.c.i.embedder.EclipseLogger - Copying 1 resource
2021-01-01 08:28:31,810 [Worker-689: Building] INFO  o.e.m.c.i.embedder.EclipseLogger - Copying 2 resources
2021-01-01 08:28:31,811 [Worker-689: Building] INFO  o.e.m.c.i.embedder.EclipseLogger - Using 'UTF-8' encoding to copy filtered resources.
2021-01-01 08:28:31,812 [Worker-689: Building] INFO  o.e.m.c.i.embedder.EclipseLogger - skip non existing resourceDirectory D:\PROJECT\OPEN-BANKING\BACK_REST\demo\src\test\resources
2021-01-01 08:28:39,940 [Worker-695: Building] INFO  o.e.m.c.i.embedder.EclipseLogger - Using 'UTF-8' encoding to copy filtered resources.
2021-01-01 08:28:39,940 [Worker-695: Building] INFO  o.e.m.c.i.embedder.EclipseLogger - Copying 0 resource
2021-01-01 08:28:39,940 [Worker-695: Building] INFO  o.e.m.c.i.embedder.EclipseLogger - Copying 0 resource
2021-01-01 08:28:39,942 [Worker-695: Building] INFO  o.e.m.c.i.embedder.EclipseLogger - Using 'UTF-8' encoding to copy filtered resources.
2021-01-01 08:28:39,942 [Worker-695: Building] INFO  o.e.m.c.i.embedder.EclipseLogger - skip non existing resourceDirectory D:\PROJECT\OPEN-BANKING\BACK_REST\demo\src\test\resources
2021-01-01 08:28:47,101 [Worker-687: Building] INFO  o.e.m.c.i.embedder.EclipseLogger - Using 'UTF-8' encoding to copy filtered resources.
2021-01-01 08:28:47,101 [Worker-687: Building] INFO  o.e.m.c.i.embedder.EclipseLogger - Copying 0 resource
2021-01-01 08:28:47,101 [Worker-687: Building] INFO  o.e.m.c.i.embedder.EclipseLogger - Copying 0 resource
2021-01-01 08:28:47,101 [Worker-687: Building] INFO  o.e.m.c.i.embedder.EclipseLogger - Using 'UTF-8' encoding to copy filtered resources.
2021-01-01 08:28:47,101 [Worker-687: Building] INFO  o.e.m.c.i.embedder.EclipseLogger - skip non existing resourceDirectory D:\PROJECT\OPEN-BANKING\BACK_REST\demo\src\test\resources
2021-01-01 08:29:48,609 [Worker-697: Building] INFO  o.e.m.c.i.l.LifecycleMappingFactory - Using org.eclipse.m2e.jdt.JarLifecycleMapping lifecycle mapping for MavenProject: com.bank:Bank:0.0.1-SNAPSHOT @ D:\PROJECT\OPEN-BANKING\BACK_REST\demo\pom.xml.
2021-01-01 08:29:49,559 [Worker-697: Building] INFO  o.e.m.c.i.embedder.EclipseLogger - Using 'UTF-8' encoding to copy filtered resources.
2021-01-01 08:29:49,562 [Worker-697: Building] INFO  o.e.m.c.i.embedder.EclipseLogger - Copying 0 resource
2021-01-01 08:29:49,562 [Worker-697: Building] INFO  o.e.m.c.i.embedder.EclipseLogger - Copying 0 resource
2021-01-01 08:29:49,564 [Worker-697: Building] INFO  o.e.m.c.i.embedder.EclipseLogger - Using 'UTF-8' encoding to copy filtered resources.
2021-01-01 08:29:49,564 [Worker-697: Building] INFO  o.e.m.c.i.embedder.EclipseLogger - skip non existing resourceDirectory D:\PROJECT\OPEN-BANKING\BACK_REST\demo\src\test\resources
2021-01-01 08:29:54,047 [Worker-697: Launching Executing clean in D__PROJECT_OPEN-BANKING_BACK_REST_demo] INFO  o.e.m.i.launch.MavenLaunchDelegate - D:\PROJECT\OPEN-BANKING\BACK_REST\demo
2021-01-01 08:29:54,047 [Worker-697: Launching Executing clean in D__PROJECT_OPEN-BANKING_BACK_REST_demo] INFO  o.e.m.i.launch.MavenLaunchDelegate -  mvn -Ppom.xml -B clean
2021-01-01 08:29:55,984 [Worker-449: Building] INFO  o.e.m.c.i.embedder.EclipseLogger - Using 'UTF-8' encoding to copy filtered resources.
2021-01-01 08:29:55,985 [Worker-449: Building] INFO  o.e.m.c.i.embedder.EclipseLogger - Copying 1 resource
2021-01-01 08:29:55,992 [Worker-449: Building] INFO  o.e.m.c.i.embedder.EclipseLogger - Copying 2 resources
2021-01-01 08:29:55,998 [Worker-449: Building] INFO  o.e.m.c.i.embedder.EclipseLogger - Using 'UTF-8' encoding to copy filtered resources.
2021-01-01 08:29:55,998 [Worker-449: Building] INFO  o.e.m.c.i.embedder.EclipseLogger - skip non existing resourceDirectory D:\PROJECT\OPEN-BANKING\BACK_REST\demo\src\test\resources
2021-01-01 08:30:03,572 [Worker-449: Launching Executing install in D__PROJECT_OPEN-BANKING_BACK_REST_demo] INFO  o.e.m.i.launch.MavenLaunchDelegate - D:\PROJECT\OPEN-BANKING\BACK_REST\demo
2021-01-01 08:30:03,572 [Worker-449: Launching Executing install in D__PROJECT_OPEN-BANKING_BACK_REST_demo] INFO  o.e.m.i.launch.MavenLaunchDelegate -  mvn -Ppom.xml -B install
2021-01-01 08:30:15,802 [Worker-696: Building] INFO  o.e.m.c.i.embedder.EclipseLogger - Using 'UTF-8' encoding to copy filtered resources.
2021-01-01 08:30:15,802 [Worker-696: Building] INFO  o.e.m.c.i.embedder.EclipseLogger - Copying 1 resource
2021-01-01 08:30:15,804 [Worker-696: Building] INFO  o.e.m.c.i.embedder.EclipseLogger - Copying 2 resources
2021-01-01 08:30:15,805 [Worker-696: Building] INFO  o.e.m.c.i.embedder.EclipseLogger - Using 'UTF-8' encoding to copy filtered resources.
2021-01-01 08:30:15,805 [Worker-696: Building] INFO  o.e.m.c.i.embedder.EclipseLogger - skip non existing resourceDirectory D:\PROJECT\OPEN-BANKING\BACK_REST\demo\src\test\resources
2021-01-01 08:33:06,126 [Worker-694: Building] INFO  o.e.m.c.i.embedder.EclipseLogger - Using 'UTF-8' encoding to copy filtered resources.
2021-01-01 08:33:06,127 [Worker-694: Building] INFO  o.e.m.c.i.embedder.EclipseLogger - Copying 1 resource
2021-01-01 08:33:06,129 [Worker-694: Building] INFO  o.e.m.c.i.embedder.EclipseLogger - Copying 2 resources
2021-01-01 08:33:06,131 [Worker-694: Building] INFO  o.e.m.c.i.embedder.EclipseLogger - Using 'UTF-8' encoding to copy filtered resources.
2021-01-01 08:33:06,131 [Worker-694: Building] INFO  o.e.m.c.i.embedder.EclipseLogger - skip non existing resourceDirectory D:\PROJECT\OPEN-BANKING\BACK_REST\demo\src\test\resources
2021-01-01 08:38:44,811 [Worker-1: Loading available Gradle versions] INFO  o.e.b.c.i.u.g.PublishedGradleVersions - Gradle version information cache is out-of-date. Trying to update.
2021-01-01 08:48:54,655 [Worker-25: Building] INFO  o.e.m.c.i.embedder.EclipseLogger - Using 'UTF-8' encoding to copy filtered resources.
2021-01-01 08:48:54,659 [Worker-25: Building] INFO  o.e.m.c.i.embedder.EclipseLogger - Copying 1 resource
2021-01-01 08:48:54,669 [Worker-25: Building] INFO  o.e.m.c.i.embedder.EclipseLogger - Copying 2 resources
2021-01-01 08:48:54,672 [Worker-25: Building] INFO  o.e.m.c.i.embedder.EclipseLogger - Using 'UTF-8' encoding to copy filtered resources.
2021-01-01 08:48:54,672 [Worker-25: Building] INFO  o.e.m.c.i.embedder.EclipseLogger - skip non existing resourceDirectory D:\PROJECT\OPEN-BANKING\BACK_REST\demo\src\test\resources
2021-01-01 09:13:04,046 [Worker-32: Building] INFO  o.e.m.c.i.embedder.EclipseLogger - Using 'UTF-8' encoding to copy filtered resources.
2021-01-01 09:13:04,049 [Worker-32: Building] INFO  o.e.m.c.i.embedder.EclipseLogger - Copying 1 resource
2021-01-01 09:13:04,052 [Worker-32: Building] INFO  o.e.m.c.i.embedder.EclipseLogger - Copying 2 resources
2021-01-01 09:13:04,055 [Worker-32: Building] INFO  o.e.m.c.i.embedder.EclipseLogger - Using 'UTF-8' encoding to copy filtered resources.
2021-01-01 09:13:04,055 [Worker-32: Building] INFO  o.e.m.c.i.embedder.EclipseLogger - skip non existing resourceDirectory D:\PROJECT\OPEN-BANKING\BACK_REST\demo\src\test\resources
2021-01-01 09:15:21,699 [Worker-33: Building] INFO  o.e.m.c.i.embedder.EclipseLogger - Using 'UTF-8' encoding to copy filtered resources.
2021-01-01 09:15:21,700 [Worker-33: Building] INFO  o.e.m.c.i.embedder.EclipseLogger - Copying 1 resource
2021-01-01 09:15:21,701 [Worker-33: Building] INFO  o.e.m.c.i.embedder.EclipseLogger - Copying 2 resources
2021-01-01 09:15:21,703 [Worker-33: Building] INFO  o.e.m.c.i.embedder.EclipseLogger - Using 'UTF-8' encoding to copy filtered resources.
2021-01-01 09:15:21,703 [Worker-33: Building] INFO  o.e.m.c.i.embedder.EclipseLogger - skip non existing resourceDirectory D:\PROJECT\OPEN-BANKING\BACK_REST\demo\src\test\resources
2021-01-01 09:30:55,560 [Worker-19: Launching DemoApplication] INFO  o.e.m.c.i.embedder.EclipseLogger - Using 'UTF-8' encoding to copy filtered resources.
2021-01-01 09:30:55,561 [Worker-19: Launching DemoApplication] INFO  o.e.m.c.i.embedder.EclipseLogger - Copying 1 resource
2021-01-01 09:30:55,563 [Worker-19: Launching DemoApplication] INFO  o.e.m.c.i.embedder.EclipseLogger - Copying 2 resources
2021-01-01 09:30:55,565 [Worker-19: Launching DemoApplication] INFO  o.e.m.c.i.embedder.EclipseLogger - Using 'UTF-8' encoding to copy filtered resources.
2021-01-01 09:30:55,565 [Worker-19: Launching DemoApplication] INFO  o.e.m.c.i.embedder.EclipseLogger - skip non existing resourceDirectory D:\PROJECT\OPEN-BANKING\BACK_REST\demo\src\test\resources
